<?xml version="1.0" encoding="UTF-8"?>
<!-- Generated by org.testng.reporters.JUnitReportReporter -->
<testsuite hostname="LAPTOP-RD1SJ338" failures="0" tests="1" name="testCases.TC001_AccountrRgistrationTest" time="3.816" errors="0" timestamp="2025-05-24T19:53:28 IST" skipped="0">
  <testcase classname="testCases.TC001_AccountrRgistrationTest" name="AccountRegistration" time="3.816"/>
</testsuite> <!-- testCases.TC001_AccountrRgistrationTest -->
