<?xml version="1.0" encoding="UTF-8"?>
<!-- Generated by org.testng.reporters.JUnitReportReporter -->
<testsuite hostname="LAPTOP-RD1SJ338" failures="0" tests="1" name="testCases.TC002_LoginTest" time="5.738" errors="0" timestamp="2025-05-24T19:53:28 IST" skipped="0">
  <testcase classname="testCases.TC002_LoginTest" name="loginmethod" time="5.738"/>
</testsuite> <!-- testCases.TC002_LoginTest -->
